

Tue Jun 20 2023 18:14:07:832 GMT+0530 (IST) -- Binary semantic version is v8.7.1
Tue Jun 20 2023 18:14:07:833 GMT+0530 (IST) -- Setting output as extra verbose with request parsing
Tue Jun 20 2023 18:14:10:703 GMT+0530 (IST) -- Error in establishing connection.
Tue Jun 20 2023 18:14:10:704 GMT+0530 (IST) -- ENOTFOUND
Tue Jun 20 2023 18:14:10:885 GMT+0530 (IST) -- [SUCCESS] You can now access your local server(s) in our remote browser

Tue Jun 20 2023 18:14:11:831 GMT+0530 (IST) -- Error in establishing connection.
Tue Jun 20 2023 18:14:11:840 GMT+0530 (IST) -- ENOTFOUND
Tue Jun 20 2023 18:14:13:812 GMT+0530 (IST) -- Error in establishing connection.
Tue Jun 20 2023 18:14:13:812 GMT+0530 (IST) -- ENOTFOUND
Tue Jun 20 2023 18:14:14:955 GMT+0530 (IST) -- Error in establishing connection.
Tue Jun 20 2023 18:14:14:956 GMT+0530 (IST) -- ENOTFOUND
Tue Jun 20 2023 18:14:16:813 GMT+0530 (IST) -- Error in establishing connection.
Tue Jun 20 2023 18:14:16:838 GMT+0530 (IST) -- g {
  type: 'error',
  message:
   'getaddrinfo ENOTFOUND repeater-local-005-ec2-aps1b-pro repeater-local-005-ec2-aps1b-pro:443' }
Tue Jun 20 2023 18:14:16:842 GMT+0530 (IST) -- Connection closed by remote host.
Tue Jun 20 2023 18:14:16:964 GMT+0530 (IST) -- Error in establishing connection.
Tue Jun 20 2023 18:14:16:966 GMT+0530 (IST) -- g {
  type: 'error',
  message:
   'getaddrinfo ENOTFOUND repeater-local-005-ec2-aps1b-pro repeater-local-005-ec2-aps1b-pro:80' }
Tue Jun 20 2023 18:14:16:966 GMT+0530 (IST) -- Connection closed by remote host.
Tue Jun 20 2023 18:14:17:72 GMT+0530 (IST) -- Error in establishing connection.
Tue Jun 20 2023 18:14:17:73 GMT+0530 (IST) -- ENOTFOUND
Tue Jun 20 2023 18:14:17:950 GMT+0530 (IST) -- Error in establishing connection.
Tue Jun 20 2023 18:14:17:970 GMT+0530 (IST) -- g {
  type: 'error',
  message:
   'getaddrinfo ENOTFOUND repeater-local-005-ec2-aps1b-pro repeater-local-005-ec2-aps1b-pro:443' }
Tue Jun 20 2023 18:14:17:974 GMT+0530 (IST) -- Connection closed by remote host.
Tue Jun 20 2023 18:14:18:93 GMT+0530 (IST) -- Error in establishing connection.
Tue Jun 20 2023 18:14:18:95 GMT+0530 (IST) -- g {
  type: 'error',
  message:
   'getaddrinfo ENOTFOUND repeater-local-005-ec2-aps1b-pro repeater-local-005-ec2-aps1b-pro:80' }
Tue Jun 20 2023 18:14:18:95 GMT+0530 (IST) -- Connection closed by remote host.
Tue Jun 20 2023 18:14:18:202 GMT+0530 (IST) -- Error in establishing connection.
Tue Jun 20 2023 18:14:18:202 GMT+0530 (IST) -- ENOTFOUND
Tue Jun 20 2023 18:14:20:179 GMT+0530 (IST) -- Error in establishing connection.
Tue Jun 20 2023 18:14:20:179 GMT+0530 (IST) -- ENOTFOUND
Tue Jun 20 2023 18:14:21:307 GMT+0530 (IST) -- Error in establishing connection.
Tue Jun 20 2023 18:14:21:307 GMT+0530 (IST) -- ENOTFOUND
Tue Jun 20 2023 18:14:23:185 GMT+0530 (IST) -- Error in establishing connection.
Tue Jun 20 2023 18:14:23:186 GMT+0530 (IST) -- g {
  type: 'error',
  message:
   'getaddrinfo ENOTFOUND repeater-local-005-ec2-aps1b-pro repeater-local-005-ec2-aps1b-pro:443' }
Tue Jun 20 2023 18:14:23:186 GMT+0530 (IST) -- Connection closed by remote host.
Tue Jun 20 2023 18:14:23:289 GMT+0530 (IST) -- Error in establishing connection.
Tue Jun 20 2023 18:14:23:289 GMT+0530 (IST) -- g {
  type: 'error',
  message:
   'getaddrinfo ENOTFOUND repeater-local-005-ec2-aps1b-pro repeater-local-005-ec2-aps1b-pro:80' }
Tue Jun 20 2023 18:14:23:289 GMT+0530 (IST) -- Connection closed by remote host.
Tue Jun 20 2023 18:14:23:393 GMT+0530 (IST) -- Error in establishing connection.
Tue Jun 20 2023 18:14:23:393 GMT+0530 (IST) -- ENOTFOUND
Tue Jun 20 2023 18:14:24:326 GMT+0530 (IST) -- Error in establishing connection.
Tue Jun 20 2023 18:14:24:328 GMT+0530 (IST) -- g {
  type: 'error',
  message:
   'getaddrinfo ENOTFOUND repeater-local-005-ec2-aps1b-pro repeater-local-005-ec2-aps1b-pro:443' }
Tue Jun 20 2023 18:14:24:329 GMT+0530 (IST) -- Connection closed by remote host.
Tue Jun 20 2023 18:14:24:433 GMT+0530 (IST) -- Error in establishing connection.
Tue Jun 20 2023 18:14:24:433 GMT+0530 (IST) -- g {
  type: 'error',
  message:
   'getaddrinfo ENOTFOUND repeater-local-005-ec2-aps1b-pro repeater-local-005-ec2-aps1b-pro:80' }
Tue Jun 20 2023 18:14:24:434 GMT+0530 (IST) -- Connection closed by remote host.
Tue Jun 20 2023 18:14:24:538 GMT+0530 (IST) -- Error in establishing connection.
Tue Jun 20 2023 18:14:24:538 GMT+0530 (IST) -- ENOTFOUND
Tue Jun 20 2023 18:14:26:498 GMT+0530 (IST) -- Error in establishing connection.
Tue Jun 20 2023 18:14:26:498 GMT+0530 (IST) -- ENOTFOUND
Tue Jun 20 2023 18:14:27:644 GMT+0530 (IST) -- Error in establishing connection.
Tue Jun 20 2023 18:14:27:644 GMT+0530 (IST) -- ENOTFOUND
Tue Jun 20 2023 18:14:29:499 GMT+0530 (IST) -- Error in establishing connection.
Tue Jun 20 2023 18:14:29:499 GMT+0530 (IST) -- g {
  type: 'error',
  message:
   'getaddrinfo ENOTFOUND repeater-local-005-ec2-aps1b-pro repeater-local-005-ec2-aps1b-pro:443' }
Tue Jun 20 2023 18:14:29:500 GMT+0530 (IST) -- Connection closed by remote host.
Tue Jun 20 2023 18:14:29:603 GMT+0530 (IST) -- Error in establishing connection.
Tue Jun 20 2023 18:14:29:604 GMT+0530 (IST) -- g {
  type: 'error',
  message:
   'getaddrinfo ENOTFOUND repeater-local-005-ec2-aps1b-pro repeater-local-005-ec2-aps1b-pro:80' }
Tue Jun 20 2023 18:14:29:604 GMT+0530 (IST) -- Connection closed by remote host.
Tue Jun 20 2023 18:14:29:740 GMT+0530 (IST) -- Error in establishing connection.
Tue Jun 20 2023 18:14:29:741 GMT+0530 (IST) -- ENOTFOUND
Tue Jun 20 2023 18:14:30:655 GMT+0530 (IST) -- Error in establishing connection.
Tue Jun 20 2023 18:14:30:656 GMT+0530 (IST) -- g {
  type: 'error',
  message:
   'getaddrinfo ENOTFOUND repeater-local-005-ec2-aps1b-pro repeater-local-005-ec2-aps1b-pro:443' }
Tue Jun 20 2023 18:14:30:657 GMT+0530 (IST) -- Connection closed by remote host.
