2023-06-21 00:34:27 - [32minfo[39m: Reading configs from /Users/adarsh/Documents/CE/otherFrameworkSamples/jest-doc/browserstack.yml
2023-06-21 00:34:27 - [32minfo[39m: Getting your jest configs from package.json
2023-06-21 00:34:27 - [32minfo[39m: Modifying jest configs to run tests on BrowserStack
2023-06-21 00:34:27 - [32minfo[39m: Creating jest_browserstack.config.js with browserstack jest configs
2023-06-21 00:34:27 - [32minfo[39m: Showing jest logs and reporter logs.
2023-06-21 00:34:28 - [32minfo[39m: Configuring to run tests on BrowserStack
2023-06-21 00:34:28 - [32minfo[39m: Configuring to run tests on BrowserStack
2023-06-21 00:34:29 - [32minfo[39m: Configuring to run tests on BrowserStack
2023-06-21 00:34:29 - [32minfo[39m: Configuring to run tests on BrowserStack
2023-06-21 00:34:30 - [32minfo[39m: Configuring to run tests on BrowserStack
2023-06-21 00:34:30 - [32minfo[39m: Configuring to run tests on BrowserStack
2023-06-21 00:34:31 - [32minfo[39m: Configuring to run tests on BrowserStack
2023-06-21 00:34:31 - [32minfo[39m: Configuring to run tests on BrowserStack
2023-06-21 00:34:32 - [32minfo[39m: Deleting jest_browserstack.config.js
2023-06-21 12:38:23 - [32minfo[39m: Reading configs from /Users/adarsh/Documents/CE/otherFrameworkSamples/jest-doc/browserstack.yml
2023-06-21 12:38:23 - [32minfo[39m: Getting your jest configs from package.json
2023-06-21 12:38:23 - [32minfo[39m: Modifying jest configs to run tests on BrowserStack
2023-06-21 12:38:23 - [32minfo[39m: Creating jest_browserstack.config.js with browserstack jest configs
2023-06-21 12:38:23 - [32minfo[39m: Showing jest logs and reporter logs.
2023-06-21 12:38:24 - [32minfo[39m: Configuring to run tests on BrowserStack
2023-06-21 12:38:24 - [32minfo[39m: Configuring to run tests on BrowserStack
2023-06-21 12:38:25 - [32minfo[39m: Configuring to run tests on BrowserStack
2023-06-21 12:38:25 - [32minfo[39m: Configuring to run tests on BrowserStack
2023-06-21 12:38:26 - [32minfo[39m: Configuring to run tests on BrowserStack
2023-06-21 12:38:26 - [32minfo[39m: Configuring to run tests on BrowserStack
2023-06-21 12:38:27 - [32minfo[39m: Configuring to run tests on BrowserStack
2023-06-21 12:38:27 - [32minfo[39m: Configuring to run tests on BrowserStack
2023-06-21 12:38:28 - [32minfo[39m: Deleting jest_browserstack.config.js
2023-06-21 18:33:26 - [32minfo[39m: Reading configs from /Users/adarsh/Documents/CE/otherFrameworkSamples/jest-doc/browserstack.yml
2023-06-21 18:33:26 - [32minfo[39m: Getting your jest configs from package.json
2023-06-21 18:33:26 - [32minfo[39m: Modifying jest configs to run tests on BrowserStack
2023-06-21 18:33:26 - [32minfo[39m: Creating jest_browserstack.config.js with browserstack jest configs
2023-06-21 18:33:26 - [32minfo[39m: Showing jest logs and reporter logs.
2023-06-21 18:33:27 - [32minfo[39m: Configuring to run tests on BrowserStack
2023-06-21 18:33:27 - [32minfo[39m: Configuring to run tests on BrowserStack
2023-06-21 18:33:36 - [32minfo[39m: Deleting jest_browserstack.config.js
2023-06-21 18:35:43 - [32minfo[39m: Reading configs from /Users/adarsh/Documents/CE/otherFrameworkSamples/jest-doc/browserstack.yml
2023-06-21 18:35:48 - [32minfo[39m: Local binary started successfully
2023-06-21 18:35:49 - [32minfo[39m: Getting your jest configs from package.json
2023-06-21 18:35:49 - [32minfo[39m: Modifying jest configs to run tests on BrowserStack
2023-06-21 18:35:49 - [32minfo[39m: Creating jest_browserstack.config.js with browserstack jest configs
2023-06-21 18:35:49 - [32minfo[39m: Showing jest logs and reporter logs.
2023-06-21 18:35:49 - [32minfo[39m: Configuring to run tests on BrowserStack
2023-06-21 18:35:49 - [32minfo[39m: Configuring to run tests on BrowserStack
2023-06-21 18:35:55 - [32minfo[39m: Deleting jest_browserstack.config.js
2023-06-21 18:36:00 - [32minfo[39m: Local binary stopped
